Using pre-set license

 COMMAND LINE ARGUMENTS:
/Applications/2020.2.3f1/Unity.app/Contents/MacOS/Unity
-adb2
-batchMode
-noUpm
-name
AssetImportWorker0
-projectPath
/Users/yassa/Hypergame/New Unity Project
-logFile
Logs/AssetImportWorker0.log
-srvPort
52459
Successfully changed project path to: /Users/yassa/Hypergame/New Unity Project
/Users/yassa/Hypergame/New Unity Project
Using Asset Import Pipeline V2.
Refreshing native plugins compatible for Editor in 46.85 ms, found 2 plugins.
Preloading 0 native plugins for Editor in 0.00 ms.
Initialize engine version: 2020.2.3f1 (8ff31bc5bf5b)
[Subsystems] Discovering subsystems at path /Applications/2020.2.3f1/Unity.app/Contents/Resources/UnitySubsystems
[Subsystems] Discovering subsystems at path /Users/yassa/Hypergame/New Unity Project/Assets
GfxDevice: creating device client; threaded=0
2021-03-10 18:27:35.672 Unity[90009:10544781] Color LCD preferred device: AMD Radeon Pro 555 (high power)
2021-03-10 18:27:35.672 Unity[90009:10544781] Metal devices available: 2
2021-03-10 18:27:35.672 Unity[90009:10544781] 0: AMD Radeon Pro 555 (high power)
2021-03-10 18:27:35.672 Unity[90009:10544781] 1: Intel(R) HD Graphics 630 (low power)
2021-03-10 18:27:35.673 Unity[90009:10544781] Using device AMD Radeon Pro 555 (high power)
Initializing Metal device caps: AMD Radeon Pro 555
Initialize mono
Mono path[0] = '/Applications/2020.2.3f1/Unity.app/Contents/Managed'
Mono path[1] = '/Applications/2020.2.3f1/Unity.app/Contents/MonoBleedingEdge/lib/mono/unityjit'
Mono config path = '/Applications/2020.2.3f1/Unity.app/Contents/MonoBleedingEdge/etc'
Using monoOptions --debugger-agent=transport=dt_socket,embedding=1,server=y,suspend=n,address=127.0.0.1:56009
Begin MonoManager ReloadAssembly
Registering precompiled unity dll's ...
Register platform support module: /Applications/2020.2.3f1/PlaybackEngines/WebGLSupport/UnityEditor.WebGL.Extensions.dll
Register platform support module: /Applications/2020.2.3f1/Unity.app/Contents/PlaybackEngines/MacStandaloneSupport/UnityEditor.OSXStandalone.Extensions.dll
Register platform support module: /Applications/2020.2.3f1/PlaybackEngines/WindowsStandaloneSupport/UnityEditor.WindowsStandalone.Extensions.dll
Registered in 0.001494 seconds.
Native extension for WindowsStandalone target not found
Native extension for OSXStandalone target not found
Native extension for WebGL target not found
Refreshing native plugins compatible for Editor in 61.94 ms, found 2 plugins.
Preloading 0 native plugins for Editor in 0.00 ms.
Invoked RoslynAnalysisRunner static constructor.
RoslynAnalysisRunner will not be running.
RoslynAnalysisRunner has terminated.
Mono: successfully reloaded assembly
- Completed reload, in  4.180 seconds
Platform modules already initialized, skipping
Registering precompiled user dll's ...
Registered in 0.000696 seconds.
Begin MonoManager ReloadAssembly
Native extension for WindowsStandalone target not found
Native extension for OSXStandalone target not found
Native extension for WebGL target not found
Refreshing native plugins compatible for Editor in 60.70 ms, found 2 plugins.
Preloading 0 native plugins for Editor in 0.00 ms.
Invoked RoslynAnalysisRunner static constructor.
RoslynAnalysisRunner will not be running.
RoslynAnalysisRunner has terminated.
Mono: successfully reloaded assembly
- Completed reload, in  1.648 seconds
Platform modules already initialized, skipping
========================================================================
Worker process is ready to serve import requests
Launching external process: /Applications/2020.2.3f1/Unity.app/Contents/Tools/UnityShaderCompiler
Launched and connected shader compiler UnityShaderCompiler after 0.02 seconds
Refreshing native plugins compatible for Editor in 0.43 ms, found 2 plugins.
Preloading 0 native plugins for Editor in 0.00 ms.
Unloading 1795 Unused Serialized files (Serialized files now loaded: 0)
System memory in use before: 148.8 MB.
System memory in use after: 148.8 MB.

Unloading 24 unused Assets to reduce memory usage. Loaded Objects now: 2237.
Total: 3.493522 ms (FindLiveObjects: 0.343325 ms CreateObjectMapping: 0.209990 ms MarkObjects: 2.774683 ms  DeleteObjects: 0.163291 ms)

========================================================================
Received Import Request.
  path: Assets/Scenes/SampleScene/NavMesh.asset
  artifactKey: Guid(1fe98634b0e6e434e98653ace267ee64) Importer(815301076,1909f56bfc062723c751e8b465ee728b)
Start importing Assets/Scenes/SampleScene/NavMesh.asset using Guid(1fe98634b0e6e434e98653ace267ee64) Importer(815301076,1909f56bfc062723c751e8b465ee728b)  -> (artifact id: 'fb0ff2c53e1fe8b46b799d3b22787864') in 1.934922 seconds
  Import took 1.939448 seconds .

========================================================================
Received Import Request.
  Time since last request: 0.000404 seconds.
  path: Assets/Materials/Unit Material.mat
  artifactKey: Guid(0a3ef9a1ac386e545b4df73f170c9f92) Importer(815301076,1909f56bfc062723c751e8b465ee728b)
Start importing Assets/Materials/Unit Material.mat using Guid(0a3ef9a1ac386e545b4df73f170c9f92) Importer(815301076,1909f56bfc062723c751e8b465ee728b)  -> (artifact id: '749d3b710b39c6acf0b42521106b7040') in 0.917798 seconds
  Import took 0.922149 seconds .

========================================================================
Received Import Request.
  Time since last request: 338.071165 seconds.
  path: Assets/Materials/logo.png
  artifactKey: Guid(b78421185fec14c01aede914542b0a8d) Importer(815301076,1909f56bfc062723c751e8b465ee728b)
Start importing Assets/Materials/logo.png using Guid(b78421185fec14c01aede914542b0a8d) Importer(815301076,1909f56bfc062723c751e8b465ee728b)  -> (artifact id: 'df54d98fbd5e5c155c46ba7743a7b06e') in 1.753719 seconds
  Import took 1.758922 seconds .

========================================================================
Received Import Request.
  Time since last request: 214.425842 seconds.
  path: Assets/Materials/team.png
  artifactKey: Guid(bba9bd9b5a8994ac4bb42ed105ec2625) Importer(815301076,1909f56bfc062723c751e8b465ee728b)
Start importing Assets/Materials/team.png using Guid(bba9bd9b5a8994ac4bb42ed105ec2625) Importer(815301076,1909f56bfc062723c751e8b465ee728b)  -> (artifact id: '784f2d1af1c6c1b4399f720d73bc8cf1') in 0.013948 seconds
  Import took 0.021445 seconds .

========================================================================
Received Import Request.
  Time since last request: 445.403376 seconds.
  path: Assets/Materials/button.png
  artifactKey: Guid(05616fe6264ef4d0aa4e5bee547323a4) Importer(815301076,1909f56bfc062723c751e8b465ee728b)
Start importing Assets/Materials/button.png using Guid(05616fe6264ef4d0aa4e5bee547323a4) Importer(815301076,1909f56bfc062723c751e8b465ee728b)  -> (artifact id: 'ef5a9b7e36041d44e207c7acbdc299c4') in 0.022596 seconds
  Import took 0.029537 seconds .

========================================================================
Received Import Request.
  Time since last request: 99.673979 seconds.
  path: Assets/Materials/button 1.png
  artifactKey: Guid(99dc68e422c214fd98e6437527f436f4) Importer(815301076,1909f56bfc062723c751e8b465ee728b)
Start importing Assets/Materials/button 1.png using Guid(99dc68e422c214fd98e6437527f436f4) Importer(815301076,1909f56bfc062723c751e8b465ee728b)  -> (artifact id: '3e43b130a03de050b4be0c2456a68cf2') in 0.027221 seconds
  Import took 0.031818 seconds .

