Using pre-set license
Built from '2020.2/staging' branch; Version is '2020.2.3f1 (8ff31bc5bf5b) revision 9433883'; Using compiler version '192528614'; Build Type 'Release'
OS: 'Windows 10 Home; OS build 19041.746; Version 2004; 64bit' Language: 'en' Physical Memory: 8035 MB
BatchMode: 1, IsHumanControllingUs: 0, StartBugReporterOnCrash: 0, Is64bit: 1, IsPro: 0

 COMMAND LINE ARGUMENTS:
C:\Program Files\Unity\Hub\Editor\2020.2.3f1\Editor\Unity.exe
-adb2
-batchMode
-noUpm
-name
AssetImportWorker3
-projectPath
C:/Users/Anny/Documents/GitHub/Hypergame/New Unity Project
-logFile
Logs/AssetImportWorker3.log
-srvPort
56761
Successfully changed project path to: C:/Users/Anny/Documents/GitHub/Hypergame/New Unity Project
C:/Users/Anny/Documents/GitHub/Hypergame/New Unity Project
Using Asset Import Pipeline V2.
Refreshing native plugins compatible for Editor in 90.70 ms, found 1 plugins.
Preloading 0 native plugins for Editor in 0.00 ms.
Initialize engine version: 2020.2.3f1 (8ff31bc5bf5b)
[Subsystems] Discovering subsystems at path C:/Program Files/Unity/Hub/Editor/2020.2.3f1/Editor/Data/Resources/UnitySubsystems
[Subsystems] Discovering subsystems at path C:/Users/Anny/Documents/GitHub/Hypergame/New Unity Project/Assets
GfxDevice: creating device client; threaded=0
Direct3D:
    Version:  Direct3D 11.0 [level 11.1]
    Renderer: Intel(R) HD Graphics 620 (ID=0x5916)
    Vendor:   
    VRAM:     4017 MB
    Driver:   21.20.16.4550
Initialize mono
Mono path[0] = 'C:/Program Files/Unity/Hub/Editor/2020.2.3f1/Editor/Data/Managed'
Mono path[1] = 'C:/Program Files/Unity/Hub/Editor/2020.2.3f1/Editor/Data/MonoBleedingEdge/lib/mono/unityjit'
Mono config path = 'C:/Program Files/Unity/Hub/Editor/2020.2.3f1/Editor/Data/MonoBleedingEdge/etc'
Using monoOptions --debugger-agent=transport=dt_socket,embedding=1,server=y,suspend=n,address=127.0.0.1:56996
Begin MonoManager ReloadAssembly
Registering precompiled unity dll's ...
Register platform support module: C:/Program Files/Unity/Hub/Editor/2020.2.3f1/Editor/Data/PlaybackEngines/WindowsStandaloneSupport/UnityEditor.WindowsStandalone.Extensions.dll
Registered in 0.011282 seconds.
Native extension for WindowsStandalone target not found
Refreshing native plugins compatible for Editor in 87.36 ms, found 1 plugins.
Preloading 0 native plugins for Editor in 0.00 ms.
Invoked RoslynAnalysisRunner static constructor.
RoslynAnalysisRunner will not be running.
RoslynAnalysisRunner has terminated.
Mono: successfully reloaded assembly
- Completed reload, in  2.386 seconds
Platform modules already initialized, skipping
Registering precompiled user dll's ...
Registered in 0.002631 seconds.
Begin MonoManager ReloadAssembly
Native extension for WindowsStandalone target not found
Refreshing native plugins compatible for Editor in 62.15 ms, found 1 plugins.
Preloading 0 native plugins for Editor in 0.00 ms.
Invoked RoslynAnalysisRunner static constructor.
RoslynAnalysisRunner will not be running.
RoslynAnalysisRunner has terminated.
Mono: successfully reloaded assembly
- Completed reload, in  3.841 seconds
Platform modules already initialized, skipping
========================================================================
Worker process is ready to serve import requests
Launched and connected shader compiler UnityShaderCompiler.exe after 0.26 seconds
Refreshing native plugins compatible for Editor in 0.71 ms, found 1 plugins.
Preloading 0 native plugins for Editor in 0.00 ms.
Unloading 1795 Unused Serialized files (Serialized files now loaded: 0)
System memory in use before: 84.5 MB.
System memory in use after: 84.5 MB.

Unloading 24 unused Assets to reduce memory usage. Loaded Objects now: 2237.
Total: 4.190100 ms (FindLiveObjects: 0.408300 ms CreateObjectMapping: 0.158300 ms MarkObjects: 3.361500 ms  DeleteObjects: 0.260100 ms)

========================================================================
Received Import Request.
  path: Assets/Obstacles Material.mat
  artifactKey: Guid(dd4749e7e9e2e7d499b4081cc53144af) Importer(815301076,1909f56bfc062723c751e8b465ee728b)
Start importing Assets/Obstacles Material.mat using Guid(dd4749e7e9e2e7d499b4081cc53144af) Importer(815301076,1909f56bfc062723c751e8b465ee728b)  -> (artifact id: 'ddfc0592b5b8ee85d8ffcd21b4b288e2') in 1.200054 seconds
  Import took 1.247808 seconds .

========================================================================
Received Import Request.
  Time since last request: 405.617999 seconds.
  path: Assets/Prefab/UnitTesting.prefab
  artifactKey: Guid(8eab9a6ce7ea7a542809c0075d805943) Importer(815301076,1909f56bfc062723c751e8b465ee728b)
Start importing Assets/Prefab/UnitTesting.prefab using Guid(8eab9a6ce7ea7a542809c0075d805943) Importer(815301076,1909f56bfc062723c751e8b465ee728b)  -> (artifact id: '947aff135b6452e7b9792c6e610a4dea') in 1.597037 seconds
  Import took 1.663553 seconds .

========================================================================
Received Import Request.
  Time since last request: 2.064025 seconds.
  path: Assets/Prefab/UnitTesting.prefab
  artifactKey: Guid(8eab9a6ce7ea7a542809c0075d805943) Importer(815301076,1909f56bfc062723c751e8b465ee728b)
Start importing Assets/Prefab/UnitTesting.prefab using Guid(8eab9a6ce7ea7a542809c0075d805943) Importer(815301076,1909f56bfc062723c751e8b465ee728b)  -> (artifact id: '2b6b39c81eed4375d024ee10a83c4209') in 0.152982 seconds
  Import took 0.286197 seconds .

========================================================================
Received Import Request.
  Time since last request: 3.506413 seconds.
  path: Assets/Prefab/UnitTesting.prefab
  artifactKey: Guid(8eab9a6ce7ea7a542809c0075d805943) Importer(815301076,1909f56bfc062723c751e8b465ee728b)
Start importing Assets/Prefab/UnitTesting.prefab using Guid(8eab9a6ce7ea7a542809c0075d805943) Importer(815301076,1909f56bfc062723c751e8b465ee728b)  -> (artifact id: 'b9edd91b3cc49cf654ab1d490764c2d3') in 0.019862 seconds
  Import took 0.091157 seconds .

========================================================================
Received Import Request.
  Time since last request: 1.498985 seconds.
  path: Assets/Prefab/UnitTesting.prefab
  artifactKey: Guid(8eab9a6ce7ea7a542809c0075d805943) Importer(815301076,1909f56bfc062723c751e8b465ee728b)
Start importing Assets/Prefab/UnitTesting.prefab using Guid(8eab9a6ce7ea7a542809c0075d805943) Importer(815301076,1909f56bfc062723c751e8b465ee728b)  -> (artifact id: '27a88682b9fd8e785aedccdc1b489c0d') in 0.036834 seconds
  Import took 0.105177 seconds .

========================================================================
Received Import Request.
  Time since last request: 5.411833 seconds.
  path: Assets/Prefab/UnitTesting.prefab
  artifactKey: Guid(8eab9a6ce7ea7a542809c0075d805943) Importer(815301076,1909f56bfc062723c751e8b465ee728b)
Start importing Assets/Prefab/UnitTesting.prefab using Guid(8eab9a6ce7ea7a542809c0075d805943) Importer(815301076,1909f56bfc062723c751e8b465ee728b)  -> (artifact id: 'b0a9488a3d927604685f8dbadfec865b') in 0.025969 seconds
  Import took 0.066066 seconds .

========================================================================
Received Import Request.
  Time since last request: 17.422732 seconds.
  path: Assets/Unit Material.mat
  artifactKey: Guid(0a3ef9a1ac386e545b4df73f170c9f92) Importer(815301076,1909f56bfc062723c751e8b465ee728b)
Start importing Assets/Unit Material.mat using Guid(0a3ef9a1ac386e545b4df73f170c9f92) Importer(815301076,1909f56bfc062723c751e8b465ee728b)  -> (artifact id: 'f518661a0d64763cab09e9340c020c53') in 0.155749 seconds
  Import took 0.175491 seconds .

========================================================================
Received Import Request.
  Time since last request: 55.708879 seconds.
  path: Assets/Map Material.mat
  artifactKey: Guid(0eb6bcda708d7ab4ab01a224c85a9efb) Importer(815301076,1909f56bfc062723c751e8b465ee728b)
Start importing Assets/Map Material.mat using Guid(0eb6bcda708d7ab4ab01a224c85a9efb) Importer(815301076,1909f56bfc062723c751e8b465ee728b)  -> (artifact id: '9675108020519579051e748c71dcb6a3') in 0.042176 seconds
  Import took 0.092836 seconds .

========================================================================
Received Import Request.
  Time since last request: 197.641954 seconds.
  path: Assets/Map Material.mat
  artifactKey: Guid(0eb6bcda708d7ab4ab01a224c85a9efb) Importer(815301076,1909f56bfc062723c751e8b465ee728b)
Start importing Assets/Map Material.mat using Guid(0eb6bcda708d7ab4ab01a224c85a9efb) Importer(815301076,1909f56bfc062723c751e8b465ee728b)  -> (artifact id: '88f94688e34805ce063968d68e9c4bc5') in 0.487232 seconds
  Import took 0.622386 seconds .

========================================================================
Received Import Request.
  Time since last request: 0.000401 seconds.
  path: Assets/Unit Material.mat
  artifactKey: Guid(0a3ef9a1ac386e545b4df73f170c9f92) Importer(815301076,1909f56bfc062723c751e8b465ee728b)
Start importing Assets/Unit Material.mat using Guid(0a3ef9a1ac386e545b4df73f170c9f92) Importer(815301076,1909f56bfc062723c751e8b465ee728b)  -> (artifact id: '919da12f7120412cb9bfab3837a2dbac') in 1.211474 seconds
  Import took 1.284243 seconds .

========================================================================
Received Import Request.
  Time since last request: 0.000250 seconds.
  path: Assets/Obstacles Material.mat
  artifactKey: Guid(dd4749e7e9e2e7d499b4081cc53144af) Importer(815301076,1909f56bfc062723c751e8b465ee728b)
Start importing Assets/Obstacles Material.mat using Guid(dd4749e7e9e2e7d499b4081cc53144af) Importer(815301076,1909f56bfc062723c751e8b465ee728b)  -> (artifact id: 'e6e0e150453f9641251d1b49f1a709b9') in 0.198733 seconds
  Import took 0.267366 seconds .

AssetImportWorkerClient::OnTransportError - code=2 error=End of file
